12:32:24.780 INFO [general]  Config ( yes ): default properties from resource 'ethereumj.conf'
12:32:24.782 INFO [general]  Config ( no  ): user properties from -Dethereumj.conf.res resource 'null'
12:32:24.782 INFO [general]  Config ( no  ): user properties from resource 'user.conf'
12:32:24.783 INFO [general]  Config ( no  ): user properties from file '/home/david/repo/microraiden-java/config/ethereumj.conf'
12:32:24.783 INFO [general]  Config ( no  ): test properties from resource 'test-ethereumj.conf'
12:32:24.783 INFO [general]  Config ( no  ): test properties from resource 'test-user.conf'
12:32:24.783 INFO [general]  Config ( no  ): user properties from -Dethereumj.conf.file file 'null'
12:32:24.783 INFO [general]  Config ( no  ): config passed via constructor
12:32:24.787 DEBUG [general]  Config trace: # ethereumj.conf: 164-415
blockchain {
    # ethereumj.conf: 164
    config {
        # ethereumj.conf: 164
        name=main
    }
    # ethereumj.conf: 415
    only=false
}
# ethereumj.conf: 421
blocks {
    # ethereumj.conf: 421
    loader=""
}
# ethereumj.conf: 211
cache {
    # ethereumj.conf: 232
    blockQueueSize=32
    # ethereumj.conf: 213
    flush {
        # ethereumj.conf: 222
        blocks=0
        # ethereumj.conf: 225
        shortSyncFlush=true
        # ethereumj.conf: 217
        writeCacheSize=64
    }
    # ethereumj.conf: 235
    headerQueueSize=8
    # ethereumj.conf: 241
    maxStateBloomSize=128
    # ethereumj.conf: 229
    stateCacheSize=256
}
# ethereumj.conf: 424
crypto {
    # ethereumj.conf: 428-429
    hash {
        # ethereumj.conf: 428
        alg256=ETH-KECCAK-256
        # ethereumj.conf: 429
        alg512=ETH-KECCAK-512
    }
    # ethereumj.conf: 426
    providerName=SC
}
# ethereumj.conf: 172
database {
    # ethereumj.conf: 175
    dir=database
    # ethereumj.conf: 194
    incompatibleDatabaseBehavior=EXIT
    # ethereumj.conf: 200
    prune {
        # ethereumj.conf: 201
        enabled=true
        # ethereumj.conf: 206
        maxDepth=192
    }
    # ethereumj.conf: 181
    reset=false
    # ethereumj.conf: 187
    resetBlock=0
}
# ethereumj.conf: 344
dump {
    # ethereumj.conf: 357
    block=-1
    # ethereumj.conf: 361
    clean {
        # ethereumj.conf: 361
        on {
            # ethereumj.conf: 361
            restart=true
        }
    }
    # ethereumj.conf: 351
    dir=dmp
    # ethereumj.conf: 350
    full=false
    # ethereumj.conf: 358
    style=pretty
}
# ethereumj.conf: 150
genesis="frontier.json"
# ethereumj.conf: 397
hello {
    # ethereumj.conf: 397
    phrase=Dev
}
# ethereumj.conf: 412
keyvalue {
    # ethereumj.conf: 412
    datasource=leveldb
}
# ethereumj.conf: 283
mine {
    # ethereumj.conf: 302
    coinbase="0000000000000000000000000000000000000000"
    # ethereumj.conf: 293
    cpuMineThreads=4
    # ethereumj.conf: 306
    extraData="EthereumJ powered"
    # ethereumj.conf: 299
    fullDataSet=true
    # ethereumj.conf: 315
    minBlockTimeoutMsec=0
    # ethereumj.conf: 312
    minGasPrice=15000000000
    # ethereumj.conf: 289
    start=false
    # ethereumj.conf: 319
    startNonce=null
}
# ethereumj.conf: 1-77
peer {
    # ethereumj.conf: 92
    active=[]
    # ethereumj.conf: 121
    capabilities=[
        # ethereumj.conf: 121
        eth
    ]
    # ethereumj.conf: 130
    channel {
        # ethereumj.conf: 130
        read {
            # ethereumj.conf: 130
            timeout=90
        }
    }
    # ethereumj.conf: 125
    connection {
        # ethereumj.conf: 125
        timeout=2
    }
    # ethereumj.conf: 1
    discovery {
        # ethereumj.conf: 52
        bind {
            # ethereumj.conf: 52
            ip=""
        }
        # ethereumj.conf: 8
        enabled=true
        # ethereumj.conf: 44
        external {
            # ethereumj.conf: 44
            ip=null
        }
        # ethereumj.conf: 13
        ip {
            # ethereumj.conf: 13
            list=[
                # ethereumj.conf: 15
                "5.1.83.226:30303",
                # ethereumj.conf: 18
                "52.16.188.185:30303",
                # ethereumj.conf: 19
                "13.93.211.84:30303",
                # ethereumj.conf: 20
                "191.235.84.50:30303",
                # ethereumj.conf: 21
                "13.75.154.138:30303",
                # ethereumj.conf: 22
                "52.74.57.123:30303",
                # ethereumj.conf: 25
                "163.172.187.252:30303",
                # ethereumj.conf: 26
                "163.172.157.114:30303",
                # ethereumj.conf: 27
                "136.243.154.244:30303",
                # ethereumj.conf: 28
                "88.212.206.70:30303",
                # ethereumj.conf: 29
                "37.128.191.230:30303",
                # ethereumj.conf: 30
                "46.20.235.22:30303",
                # ethereumj.conf: 31
                "216.158.85.185:30303",
                # ethereumj.conf: 32
                "212.47.247.103:30303",
                # ethereumj.conf: 33
                "138.201.144.135:30303",
                # ethereumj.conf: 34
                "45.55.33.62:30303",
                # ethereumj.conf: 35
                "188.166.255.12:30303",
                # ethereumj.conf: 36
                "159.203.210.80:30303",
                # ethereumj.conf: 37
                "51.15.42.252:30303",
                # ethereumj.conf: 38
                "163.172.171.38:30303"
            ]
        }
        # ethereumj.conf: 60
        persist=true
        # ethereumj.conf: 56
        public {
            # ethereumj.conf: 56
            home {
                # ethereumj.conf: 56
                node=true
            }
        }
        # ethereumj.conf: 69
        touchMaxNodes=100
        # ethereumj.conf: 65
        touchPeriod=600
        # ethereumj.conf: 74
        workers=8
    }
    # ethereumj.conf: 80
    listen {
        # ethereumj.conf: 80
        port=30303
    }
    # ethereumj.conf: 117
    maxActivePeers=30
    # ethereumj.conf: 83
    networkId=1
    # ethereumj.conf: 132
    p2p {
        # ethereumj.conf: 142
        eip8=true
        # ethereumj.conf: 138
        framing {
            # ethereumj.conf: 138
            maxSize=32768
        }
    }
    # ethereumj.conf: 103
    trusted=[]
}
# ethereumj.conf: 393
play {
    # ethereumj.conf: 393
    vm=true
}
# ethereumj.conf: 386-414
record {
    # ethereumj.conf: 414
    blocks=false
    # ethereumj.conf: 386
    internal {
        # ethereumj.conf: 386
        transactions {
            # ethereumj.conf: 386
            data=true
        }
    }
}
# ethereumj.conf: 409
root {
    # ethereumj.conf: 409
    hash {
        # ethereumj.conf: 409
        start=null
    }
}
# ethereumj.conf: 323
solc {
    # ethereumj.conf: 326
    path=null
}
# ethereumj.conf: 245
sync {
    # ethereumj.conf: 249
    enabled=true
    # ethereumj.conf: 279
    exitOnBlockConflict=false
    # ethereumj.conf: 252
    fast {
        # ethereumj.conf: 256
        enabled=false
    }
    # ethereumj.conf: 270
    peer {
        # ethereumj.conf: 270
        count=30
    }
}
# ethereumj.conf: 381
trace {
    # ethereumj.conf: 381
    startblock=-1
}
# ethereumj.conf: 338-342
transaction {
    # ethereumj.conf: 338
    approve {
        # ethereumj.conf: 338
        timeout=15
    }
    # ethereumj.conf: 342
    outdated {
        # ethereumj.conf: 342
        threshold=10
    }
}
# ethereumj.conf: 371
vm {
    # ethereumj.conf: 371
    structured {
        # ethereumj.conf: 374
        compressed=true
        # ethereumj.conf: 373
        dir=vmtrace
        # ethereumj.conf: 375
        initStorageLimit=10000
        # ethereumj.conf: 372
        trace=false
    }
}

12:34:11.802 INFO [general]  Config ( yes ): default properties from resource 'ethereumj.conf'
12:34:11.803 INFO [general]  Config ( no  ): user properties from -Dethereumj.conf.res resource 'null'
12:34:11.803 INFO [general]  Config ( no  ): user properties from resource 'user.conf'
12:34:11.803 INFO [general]  Config ( no  ): user properties from file '/home/david/repo/microraiden-java/config/ethereumj.conf'
12:34:11.804 INFO [general]  Config ( no  ): test properties from resource 'test-ethereumj.conf'
12:34:11.804 INFO [general]  Config ( no  ): test properties from resource 'test-user.conf'
12:34:11.804 INFO [general]  Config ( no  ): user properties from -Dethereumj.conf.file file 'null'
12:34:11.804 INFO [general]  Config ( no  ): config passed via constructor
12:34:11.805 DEBUG [general]  Config trace: # ethereumj.conf: 164-415
blockchain {
    # ethereumj.conf: 164
    config {
        # ethereumj.conf: 164
        name=main
    }
    # ethereumj.conf: 415
    only=false
}
# ethereumj.conf: 421
blocks {
    # ethereumj.conf: 421
    loader=""
}
# ethereumj.conf: 211
cache {
    # ethereumj.conf: 232
    blockQueueSize=32
    # ethereumj.conf: 213
    flush {
        # ethereumj.conf: 222
        blocks=0
        # ethereumj.conf: 225
        shortSyncFlush=true
        # ethereumj.conf: 217
        writeCacheSize=64
    }
    # ethereumj.conf: 235
    headerQueueSize=8
    # ethereumj.conf: 241
    maxStateBloomSize=128
    # ethereumj.conf: 229
    stateCacheSize=256
}
# ethereumj.conf: 424
crypto {
    # ethereumj.conf: 428-429
    hash {
        # ethereumj.conf: 428
        alg256=ETH-KECCAK-256
        # ethereumj.conf: 429
        alg512=ETH-KECCAK-512
    }
    # ethereumj.conf: 426
    providerName=SC
}
# ethereumj.conf: 172
database {
    # ethereumj.conf: 175
    dir=database
    # ethereumj.conf: 194
    incompatibleDatabaseBehavior=EXIT
    # ethereumj.conf: 200
    prune {
        # ethereumj.conf: 201
        enabled=true
        # ethereumj.conf: 206
        maxDepth=192
    }
    # ethereumj.conf: 181
    reset=false
    # ethereumj.conf: 187
    resetBlock=0
}
# ethereumj.conf: 344
dump {
    # ethereumj.conf: 357
    block=-1
    # ethereumj.conf: 361
    clean {
        # ethereumj.conf: 361
        on {
            # ethereumj.conf: 361
            restart=true
        }
    }
    # ethereumj.conf: 351
    dir=dmp
    # ethereumj.conf: 350
    full=false
    # ethereumj.conf: 358
    style=pretty
}
# ethereumj.conf: 150
genesis="frontier.json"
# ethereumj.conf: 397
hello {
    # ethereumj.conf: 397
    phrase=Dev
}
# ethereumj.conf: 412
keyvalue {
    # ethereumj.conf: 412
    datasource=leveldb
}
# ethereumj.conf: 283
mine {
    # ethereumj.conf: 302
    coinbase="0000000000000000000000000000000000000000"
    # ethereumj.conf: 293
    cpuMineThreads=4
    # ethereumj.conf: 306
    extraData="EthereumJ powered"
    # ethereumj.conf: 299
    fullDataSet=true
    # ethereumj.conf: 315
    minBlockTimeoutMsec=0
    # ethereumj.conf: 312
    minGasPrice=15000000000
    # ethereumj.conf: 289
    start=false
    # ethereumj.conf: 319
    startNonce=null
}
# ethereumj.conf: 1-77
peer {
    # ethereumj.conf: 92
    active=[]
    # ethereumj.conf: 121
    capabilities=[
        # ethereumj.conf: 121
        eth
    ]
    # ethereumj.conf: 130
    channel {
        # ethereumj.conf: 130
        read {
            # ethereumj.conf: 130
            timeout=90
        }
    }
    # ethereumj.conf: 125
    connection {
        # ethereumj.conf: 125
        timeout=2
    }
    # ethereumj.conf: 1
    discovery {
        # ethereumj.conf: 52
        bind {
            # ethereumj.conf: 52
            ip=""
        }
        # ethereumj.conf: 8
        enabled=true
        # ethereumj.conf: 44
        external {
            # ethereumj.conf: 44
            ip=null
        }
        # ethereumj.conf: 13
        ip {
            # ethereumj.conf: 13
            list=[
                # ethereumj.conf: 15
                "5.1.83.226:30303",
                # ethereumj.conf: 18
                "52.16.188.185:30303",
                # ethereumj.conf: 19
                "13.93.211.84:30303",
                # ethereumj.conf: 20
                "191.235.84.50:30303",
                # ethereumj.conf: 21
                "13.75.154.138:30303",
                # ethereumj.conf: 22
                "52.74.57.123:30303",
                # ethereumj.conf: 25
                "163.172.187.252:30303",
                # ethereumj.conf: 26
                "163.172.157.114:30303",
                # ethereumj.conf: 27
                "136.243.154.244:30303",
                # ethereumj.conf: 28
                "88.212.206.70:30303",
                # ethereumj.conf: 29
                "37.128.191.230:30303",
                # ethereumj.conf: 30
                "46.20.235.22:30303",
                # ethereumj.conf: 31
                "216.158.85.185:30303",
                # ethereumj.conf: 32
                "212.47.247.103:30303",
                # ethereumj.conf: 33
                "138.201.144.135:30303",
                # ethereumj.conf: 34
                "45.55.33.62:30303",
                # ethereumj.conf: 35
                "188.166.255.12:30303",
                # ethereumj.conf: 36
                "159.203.210.80:30303",
                # ethereumj.conf: 37
                "51.15.42.252:30303",
                # ethereumj.conf: 38
                "163.172.171.38:30303"
            ]
        }
        # ethereumj.conf: 60
        persist=true
        # ethereumj.conf: 56
        public {
            # ethereumj.conf: 56
            home {
                # ethereumj.conf: 56
                node=true
            }
        }
        # ethereumj.conf: 69
        touchMaxNodes=100
        # ethereumj.conf: 65
        touchPeriod=600
        # ethereumj.conf: 74
        workers=8
    }
    # ethereumj.conf: 80
    listen {
        # ethereumj.conf: 80
        port=30303
    }
    # ethereumj.conf: 117
    maxActivePeers=30
    # ethereumj.conf: 83
    networkId=1
    # ethereumj.conf: 132
    p2p {
        # ethereumj.conf: 142
        eip8=true
        # ethereumj.conf: 138
        framing {
            # ethereumj.conf: 138
            maxSize=32768
        }
    }
    # ethereumj.conf: 103
    trusted=[]
}
# ethereumj.conf: 393
play {
    # ethereumj.conf: 393
    vm=true
}
# ethereumj.conf: 386-414
record {
    # ethereumj.conf: 414
    blocks=false
    # ethereumj.conf: 386
    internal {
        # ethereumj.conf: 386
        transactions {
            # ethereumj.conf: 386
            data=true
        }
    }
}
# ethereumj.conf: 409
root {
    # ethereumj.conf: 409
    hash {
        # ethereumj.conf: 409
        start=null
    }
}
# ethereumj.conf: 323
solc {
    # ethereumj.conf: 326
    path=null
}
# ethereumj.conf: 245
sync {
    # ethereumj.conf: 249
    enabled=true
    # ethereumj.conf: 279
    exitOnBlockConflict=false
    # ethereumj.conf: 252
    fast {
        # ethereumj.conf: 256
        enabled=false
    }
    # ethereumj.conf: 270
    peer {
        # ethereumj.conf: 270
        count=30
    }
}
# ethereumj.conf: 381
trace {
    # ethereumj.conf: 381
    startblock=-1
}
# ethereumj.conf: 338-342
transaction {
    # ethereumj.conf: 338
    approve {
        # ethereumj.conf: 338
        timeout=15
    }
    # ethereumj.conf: 342
    outdated {
        # ethereumj.conf: 342
        threshold=10
    }
}
# ethereumj.conf: 371
vm {
    # ethereumj.conf: 371
    structured {
        # ethereumj.conf: 374
        compressed=true
        # ethereumj.conf: 373
        dir=vmtrace
        # ethereumj.conf: 375
        initStorageLimit=10000
        # ethereumj.conf: 372
        trace=false
    }
}

12:38:19.618 INFO [general]  Config ( yes ): default properties from resource 'ethereumj.conf'
12:38:19.620 INFO [general]  Config ( no  ): user properties from -Dethereumj.conf.res resource 'null'
12:38:19.620 INFO [general]  Config ( no  ): user properties from resource 'user.conf'
12:38:19.621 INFO [general]  Config ( no  ): user properties from file '/home/david/repo/microraiden-java/config/ethereumj.conf'
12:38:19.621 INFO [general]  Config ( no  ): test properties from resource 'test-ethereumj.conf'
12:38:19.621 INFO [general]  Config ( no  ): test properties from resource 'test-user.conf'
12:38:19.621 INFO [general]  Config ( no  ): user properties from -Dethereumj.conf.file file 'null'
12:38:19.621 INFO [general]  Config ( no  ): config passed via constructor
12:38:19.624 DEBUG [general]  Config trace: # ethereumj.conf: 164-415
blockchain {
    # ethereumj.conf: 164
    config {
        # ethereumj.conf: 164
        name=main
    }
    # ethereumj.conf: 415
    only=false
}
# ethereumj.conf: 421
blocks {
    # ethereumj.conf: 421
    loader=""
}
# ethereumj.conf: 211
cache {
    # ethereumj.conf: 232
    blockQueueSize=32
    # ethereumj.conf: 213
    flush {
        # ethereumj.conf: 222
        blocks=0
        # ethereumj.conf: 225
        shortSyncFlush=true
        # ethereumj.conf: 217
        writeCacheSize=64
    }
    # ethereumj.conf: 235
    headerQueueSize=8
    # ethereumj.conf: 241
    maxStateBloomSize=128
    # ethereumj.conf: 229
    stateCacheSize=256
}
# ethereumj.conf: 424
crypto {
    # ethereumj.conf: 428-429
    hash {
        # ethereumj.conf: 428
        alg256=ETH-KECCAK-256
        # ethereumj.conf: 429
        alg512=ETH-KECCAK-512
    }
    # ethereumj.conf: 426
    providerName=SC
}
# ethereumj.conf: 172
database {
    # ethereumj.conf: 175
    dir=database
    # ethereumj.conf: 194
    incompatibleDatabaseBehavior=EXIT
    # ethereumj.conf: 200
    prune {
        # ethereumj.conf: 201
        enabled=true
        # ethereumj.conf: 206
        maxDepth=192
    }
    # ethereumj.conf: 181
    reset=false
    # ethereumj.conf: 187
    resetBlock=0
}
# ethereumj.conf: 344
dump {
    # ethereumj.conf: 357
    block=-1
    # ethereumj.conf: 361
    clean {
        # ethereumj.conf: 361
        on {
            # ethereumj.conf: 361
            restart=true
        }
    }
    # ethereumj.conf: 351
    dir=dmp
    # ethereumj.conf: 350
    full=false
    # ethereumj.conf: 358
    style=pretty
}
# ethereumj.conf: 150
genesis="frontier.json"
# ethereumj.conf: 397
hello {
    # ethereumj.conf: 397
    phrase=Dev
}
# ethereumj.conf: 412
keyvalue {
    # ethereumj.conf: 412
    datasource=leveldb
}
# ethereumj.conf: 283
mine {
    # ethereumj.conf: 302
    coinbase="0000000000000000000000000000000000000000"
    # ethereumj.conf: 293
    cpuMineThreads=4
    # ethereumj.conf: 306
    extraData="EthereumJ powered"
    # ethereumj.conf: 299
    fullDataSet=true
    # ethereumj.conf: 315
    minBlockTimeoutMsec=0
    # ethereumj.conf: 312
    minGasPrice=15000000000
    # ethereumj.conf: 289
    start=false
    # ethereumj.conf: 319
    startNonce=null
}
# ethereumj.conf: 1-77
peer {
    # ethereumj.conf: 92
    active=[]
    # ethereumj.conf: 121
    capabilities=[
        # ethereumj.conf: 121
        eth
    ]
    # ethereumj.conf: 130
    channel {
        # ethereumj.conf: 130
        read {
            # ethereumj.conf: 130
            timeout=90
        }
    }
    # ethereumj.conf: 125
    connection {
        # ethereumj.conf: 125
        timeout=2
    }
    # ethereumj.conf: 1
    discovery {
        # ethereumj.conf: 52
        bind {
            # ethereumj.conf: 52
            ip=""
        }
        # ethereumj.conf: 8
        enabled=true
        # ethereumj.conf: 44
        external {
            # ethereumj.conf: 44
            ip=null
        }
        # ethereumj.conf: 13
        ip {
            # ethereumj.conf: 13
            list=[
                # ethereumj.conf: 15
                "5.1.83.226:30303",
                # ethereumj.conf: 18
                "52.16.188.185:30303",
                # ethereumj.conf: 19
                "13.93.211.84:30303",
                # ethereumj.conf: 20
                "191.235.84.50:30303",
                # ethereumj.conf: 21
                "13.75.154.138:30303",
                # ethereumj.conf: 22
                "52.74.57.123:30303",
                # ethereumj.conf: 25
                "163.172.187.252:30303",
                # ethereumj.conf: 26
                "163.172.157.114:30303",
                # ethereumj.conf: 27
                "136.243.154.244:30303",
                # ethereumj.conf: 28
                "88.212.206.70:30303",
                # ethereumj.conf: 29
                "37.128.191.230:30303",
                # ethereumj.conf: 30
                "46.20.235.22:30303",
                # ethereumj.conf: 31
                "216.158.85.185:30303",
                # ethereumj.conf: 32
                "212.47.247.103:30303",
                # ethereumj.conf: 33
                "138.201.144.135:30303",
                # ethereumj.conf: 34
                "45.55.33.62:30303",
                # ethereumj.conf: 35
                "188.166.255.12:30303",
                # ethereumj.conf: 36
                "159.203.210.80:30303",
                # ethereumj.conf: 37
                "51.15.42.252:30303",
                # ethereumj.conf: 38
                "163.172.171.38:30303"
            ]
        }
        # ethereumj.conf: 60
        persist=true
        # ethereumj.conf: 56
        public {
            # ethereumj.conf: 56
            home {
                # ethereumj.conf: 56
                node=true
            }
        }
        # ethereumj.conf: 69
        touchMaxNodes=100
        # ethereumj.conf: 65
        touchPeriod=600
        # ethereumj.conf: 74
        workers=8
    }
    # ethereumj.conf: 80
    listen {
        # ethereumj.conf: 80
        port=30303
    }
    # ethereumj.conf: 117
    maxActivePeers=30
    # ethereumj.conf: 83
    networkId=1
    # ethereumj.conf: 132
    p2p {
        # ethereumj.conf: 142
        eip8=true
        # ethereumj.conf: 138
        framing {
            # ethereumj.conf: 138
            maxSize=32768
        }
    }
    # ethereumj.conf: 103
    trusted=[]
}
# ethereumj.conf: 393
play {
    # ethereumj.conf: 393
    vm=true
}
# ethereumj.conf: 386-414
record {
    # ethereumj.conf: 414
    blocks=false
    # ethereumj.conf: 386
    internal {
        # ethereumj.conf: 386
        transactions {
            # ethereumj.conf: 386
            data=true
        }
    }
}
# ethereumj.conf: 409
root {
    # ethereumj.conf: 409
    hash {
        # ethereumj.conf: 409
        start=null
    }
}
# ethereumj.conf: 323
solc {
    # ethereumj.conf: 326
    path=null
}
# ethereumj.conf: 245
sync {
    # ethereumj.conf: 249
    enabled=true
    # ethereumj.conf: 279
    exitOnBlockConflict=false
    # ethereumj.conf: 252
    fast {
        # ethereumj.conf: 256
        enabled=false
    }
    # ethereumj.conf: 270
    peer {
        # ethereumj.conf: 270
        count=30
    }
}
# ethereumj.conf: 381
trace {
    # ethereumj.conf: 381
    startblock=-1
}
# ethereumj.conf: 338-342
transaction {
    # ethereumj.conf: 338
    approve {
        # ethereumj.conf: 338
        timeout=15
    }
    # ethereumj.conf: 342
    outdated {
        # ethereumj.conf: 342
        threshold=10
    }
}
# ethereumj.conf: 371
vm {
    # ethereumj.conf: 371
    structured {
        # ethereumj.conf: 374
        compressed=true
        # ethereumj.conf: 373
        dir=vmtrace
        # ethereumj.conf: 375
        initStorageLimit=10000
        # ethereumj.conf: 372
        trace=false
    }
}

12:39:58.865 INFO [general]  Config ( yes ): default properties from resource 'ethereumj.conf'
12:39:58.867 INFO [general]  Config ( no  ): user properties from -Dethereumj.conf.res resource 'null'
12:39:58.867 INFO [general]  Config ( no  ): user properties from resource 'user.conf'
12:39:58.868 INFO [general]  Config ( no  ): user properties from file '/home/david/repo/microraiden-java/config/ethereumj.conf'
12:39:58.868 INFO [general]  Config ( no  ): test properties from resource 'test-ethereumj.conf'
12:39:58.868 INFO [general]  Config ( no  ): test properties from resource 'test-user.conf'
12:39:58.868 INFO [general]  Config ( no  ): user properties from -Dethereumj.conf.file file 'null'
12:39:58.868 INFO [general]  Config ( no  ): config passed via constructor
12:39:58.870 DEBUG [general]  Config trace: # ethereumj.conf: 164-415
blockchain {
    # ethereumj.conf: 164
    config {
        # ethereumj.conf: 164
        name=main
    }
    # ethereumj.conf: 415
    only=false
}
# ethereumj.conf: 421
blocks {
    # ethereumj.conf: 421
    loader=""
}
# ethereumj.conf: 211
cache {
    # ethereumj.conf: 232
    blockQueueSize=32
    # ethereumj.conf: 213
    flush {
        # ethereumj.conf: 222
        blocks=0
        # ethereumj.conf: 225
        shortSyncFlush=true
        # ethereumj.conf: 217
        writeCacheSize=64
    }
    # ethereumj.conf: 235
    headerQueueSize=8
    # ethereumj.conf: 241
    maxStateBloomSize=128
    # ethereumj.conf: 229
    stateCacheSize=256
}
# ethereumj.conf: 424
crypto {
    # ethereumj.conf: 428-429
    hash {
        # ethereumj.conf: 428
        alg256=ETH-KECCAK-256
        # ethereumj.conf: 429
        alg512=ETH-KECCAK-512
    }
    # ethereumj.conf: 426
    providerName=SC
}
# ethereumj.conf: 172
database {
    # ethereumj.conf: 175
    dir=database
    # ethereumj.conf: 194
    incompatibleDatabaseBehavior=EXIT
    # ethereumj.conf: 200
    prune {
        # ethereumj.conf: 201
        enabled=true
        # ethereumj.conf: 206
        maxDepth=192
    }
    # ethereumj.conf: 181
    reset=false
    # ethereumj.conf: 187
    resetBlock=0
}
# ethereumj.conf: 344
dump {
    # ethereumj.conf: 357
    block=-1
    # ethereumj.conf: 361
    clean {
        # ethereumj.conf: 361
        on {
            # ethereumj.conf: 361
            restart=true
        }
    }
    # ethereumj.conf: 351
    dir=dmp
    # ethereumj.conf: 350
    full=false
    # ethereumj.conf: 358
    style=pretty
}
# ethereumj.conf: 150
genesis="frontier.json"
# ethereumj.conf: 397
hello {
    # ethereumj.conf: 397
    phrase=Dev
}
# ethereumj.conf: 412
keyvalue {
    # ethereumj.conf: 412
    datasource=leveldb
}
# ethereumj.conf: 283
mine {
    # ethereumj.conf: 302
    coinbase="0000000000000000000000000000000000000000"
    # ethereumj.conf: 293
    cpuMineThreads=4
    # ethereumj.conf: 306
    extraData="EthereumJ powered"
    # ethereumj.conf: 299
    fullDataSet=true
    # ethereumj.conf: 315
    minBlockTimeoutMsec=0
    # ethereumj.conf: 312
    minGasPrice=15000000000
    # ethereumj.conf: 289
    start=false
    # ethereumj.conf: 319
    startNonce=null
}
# ethereumj.conf: 1-77
peer {
    # ethereumj.conf: 92
    active=[]
    # ethereumj.conf: 121
    capabilities=[
        # ethereumj.conf: 121
        eth
    ]
    # ethereumj.conf: 130
    channel {
        # ethereumj.conf: 130
        read {
            # ethereumj.conf: 130
            timeout=90
        }
    }
    # ethereumj.conf: 125
    connection {
        # ethereumj.conf: 125
        timeout=2
    }
    # ethereumj.conf: 1
    discovery {
        # ethereumj.conf: 52
        bind {
            # ethereumj.conf: 52
            ip=""
        }
        # ethereumj.conf: 8
        enabled=true
        # ethereumj.conf: 44
        external {
            # ethereumj.conf: 44
            ip=null
        }
        # ethereumj.conf: 13
        ip {
            # ethereumj.conf: 13
            list=[
                # ethereumj.conf: 15
                "5.1.83.226:30303",
                # ethereumj.conf: 18
                "52.16.188.185:30303",
                # ethereumj.conf: 19
                "13.93.211.84:30303",
                # ethereumj.conf: 20
                "191.235.84.50:30303",
                # ethereumj.conf: 21
                "13.75.154.138:30303",
                # ethereumj.conf: 22
                "52.74.57.123:30303",
                # ethereumj.conf: 25
                "163.172.187.252:30303",
                # ethereumj.conf: 26
                "163.172.157.114:30303",
                # ethereumj.conf: 27
                "136.243.154.244:30303",
                # ethereumj.conf: 28
                "88.212.206.70:30303",
                # ethereumj.conf: 29
                "37.128.191.230:30303",
                # ethereumj.conf: 30
                "46.20.235.22:30303",
                # ethereumj.conf: 31
                "216.158.85.185:30303",
                # ethereumj.conf: 32
                "212.47.247.103:30303",
                # ethereumj.conf: 33
                "138.201.144.135:30303",
                # ethereumj.conf: 34
                "45.55.33.62:30303",
                # ethereumj.conf: 35
                "188.166.255.12:30303",
                # ethereumj.conf: 36
                "159.203.210.80:30303",
                # ethereumj.conf: 37
                "51.15.42.252:30303",
                # ethereumj.conf: 38
                "163.172.171.38:30303"
            ]
        }
        # ethereumj.conf: 60
        persist=true
        # ethereumj.conf: 56
        public {
            # ethereumj.conf: 56
            home {
                # ethereumj.conf: 56
                node=true
            }
        }
        # ethereumj.conf: 69
        touchMaxNodes=100
        # ethereumj.conf: 65
        touchPeriod=600
        # ethereumj.conf: 74
        workers=8
    }
    # ethereumj.conf: 80
    listen {
        # ethereumj.conf: 80
        port=30303
    }
    # ethereumj.conf: 117
    maxActivePeers=30
    # ethereumj.conf: 83
    networkId=1
    # ethereumj.conf: 132
    p2p {
        # ethereumj.conf: 142
        eip8=true
        # ethereumj.conf: 138
        framing {
            # ethereumj.conf: 138
            maxSize=32768
        }
    }
    # ethereumj.conf: 103
    trusted=[]
}
# ethereumj.conf: 393
play {
    # ethereumj.conf: 393
    vm=true
}
# ethereumj.conf: 386-414
record {
    # ethereumj.conf: 414
    blocks=false
    # ethereumj.conf: 386
    internal {
        # ethereumj.conf: 386
        transactions {
            # ethereumj.conf: 386
            data=true
        }
    }
}
# ethereumj.conf: 409
root {
    # ethereumj.conf: 409
    hash {
        # ethereumj.conf: 409
        start=null
    }
}
# ethereumj.conf: 323
solc {
    # ethereumj.conf: 326
    path=null
}
# ethereumj.conf: 245
sync {
    # ethereumj.conf: 249
    enabled=true
    # ethereumj.conf: 279
    exitOnBlockConflict=false
    # ethereumj.conf: 252
    fast {
        # ethereumj.conf: 256
        enabled=false
    }
    # ethereumj.conf: 270
    peer {
        # ethereumj.conf: 270
        count=30
    }
}
# ethereumj.conf: 381
trace {
    # ethereumj.conf: 381
    startblock=-1
}
# ethereumj.conf: 338-342
transaction {
    # ethereumj.conf: 338
    approve {
        # ethereumj.conf: 338
        timeout=15
    }
    # ethereumj.conf: 342
    outdated {
        # ethereumj.conf: 342
        threshold=10
    }
}
# ethereumj.conf: 371
vm {
    # ethereumj.conf: 371
    structured {
        # ethereumj.conf: 374
        compressed=true
        # ethereumj.conf: 373
        dir=vmtrace
        # ethereumj.conf: 375
        initStorageLimit=10000
        # ethereumj.conf: 372
        trace=false
    }
}

12:40:58.934 INFO [general]  Config ( yes ): default properties from resource 'ethereumj.conf'
12:40:58.936 INFO [general]  Config ( no  ): user properties from -Dethereumj.conf.res resource 'null'
12:40:58.936 INFO [general]  Config ( no  ): user properties from resource 'user.conf'
12:40:58.937 INFO [general]  Config ( no  ): user properties from file '/home/david/repo/microraiden-java/config/ethereumj.conf'
12:40:58.937 INFO [general]  Config ( no  ): test properties from resource 'test-ethereumj.conf'
12:40:58.937 INFO [general]  Config ( no  ): test properties from resource 'test-user.conf'
12:40:58.937 INFO [general]  Config ( no  ): user properties from -Dethereumj.conf.file file 'null'
12:40:58.937 INFO [general]  Config ( no  ): config passed via constructor
12:40:58.939 DEBUG [general]  Config trace: # ethereumj.conf: 166-417
blockchain {
    # ethereumj.conf: 166
    config {
        # ethereumj.conf: 166
        name=main
    }
    # ethereumj.conf: 417
    only=false
}
# ethereumj.conf: 423
blocks {
    # ethereumj.conf: 423
    loader=""
}
# ethereumj.conf: 213
cache {
    # ethereumj.conf: 234
    blockQueueSize=32
    # ethereumj.conf: 215
    flush {
        # ethereumj.conf: 224
        blocks=0
        # ethereumj.conf: 227
        shortSyncFlush=true
        # ethereumj.conf: 219
        writeCacheSize=64
    }
    # ethereumj.conf: 237
    headerQueueSize=8
    # ethereumj.conf: 243
    maxStateBloomSize=128
    # ethereumj.conf: 231
    stateCacheSize=256
}
# ethereumj.conf: 426
crypto {
    # ethereumj.conf: 430-431
    hash {
        # ethereumj.conf: 430
        alg256=ETH-KECCAK-256
        # ethereumj.conf: 431
        alg512=ETH-KECCAK-512
    }
    # ethereumj.conf: 428
    providerName=SC
}
# ethereumj.conf: 174
database {
    # ethereumj.conf: 177
    dir=database
    # ethereumj.conf: 196
    incompatibleDatabaseBehavior=EXIT
    # ethereumj.conf: 202
    prune {
        # ethereumj.conf: 203
        enabled=true
        # ethereumj.conf: 208
        maxDepth=192
    }
    # ethereumj.conf: 183
    reset=false
    # ethereumj.conf: 189
    resetBlock=0
}
# ethereumj.conf: 346
dump {
    # ethereumj.conf: 359
    block=-1
    # ethereumj.conf: 363
    clean {
        # ethereumj.conf: 363
        on {
            # ethereumj.conf: 363
            restart=true
        }
    }
    # ethereumj.conf: 353
    dir=dmp
    # ethereumj.conf: 352
    full=false
    # ethereumj.conf: 360
    style=pretty
}
# ethereumj.conf: 152
genesis="frontier.json"
# ethereumj.conf: 399
hello {
    # ethereumj.conf: 399
    phrase=Dev
}
# ethereumj.conf: 414
keyvalue {
    # ethereumj.conf: 414
    datasource=leveldb
}
# ethereumj.conf: 285
mine {
    # ethereumj.conf: 304
    coinbase="0000000000000000000000000000000000000000"
    # ethereumj.conf: 295
    cpuMineThreads=4
    # ethereumj.conf: 308
    extraData="EthereumJ powered"
    # ethereumj.conf: 301
    fullDataSet=true
    # ethereumj.conf: 317
    minBlockTimeoutMsec=0
    # ethereumj.conf: 314
    minGasPrice=15000000000
    # ethereumj.conf: 291
    start=false
    # ethereumj.conf: 321
    startNonce=null
}
# ethereumj.conf: 1-79
peer {
    # ethereumj.conf: 94
    active=[]
    # ethereumj.conf: 123
    capabilities=[
        # ethereumj.conf: 123
        eth
    ]
    # ethereumj.conf: 132
    channel {
        # ethereumj.conf: 132
        read {
            # ethereumj.conf: 132
            timeout=90
        }
    }
    # ethereumj.conf: 127
    connection {
        # ethereumj.conf: 127
        timeout=2
    }
    # ethereumj.conf: 1
    discovery {
        # ethereumj.conf: 54
        bind {
            # ethereumj.conf: 54
            ip=""
        }
        # ethereumj.conf: 8
        enabled=true
        # ethereumj.conf: 46
        external {
            # ethereumj.conf: 46
            ip=null
        }
        # ethereumj.conf: 13
        ip {
            # ethereumj.conf: 13
            list=[
                # ethereumj.conf: 15
                "frontier-2.ether.camp:30303",
                # ethereumj.conf: 16
                "frontier-3.ether.camp:30303",
                # ethereumj.conf: 17
                "frontier-4.ether.camp:30303",
                # ethereumj.conf: 20
                "5.1.83.226:30303",
                # ethereumj.conf: 23
                "54.94.239.50:30303",
                # ethereumj.conf: 24
                "52.16.188.185:30303",
                # ethereumj.conf: 25
                "52.74.57.123:30303",
                # ethereumj.conf: 28
                "163.172.157.114:30303",
                # ethereumj.conf: 29
                "136.243.154.244:30303",
                # ethereumj.conf: 30
                "88.212.206.70:30303",
                # ethereumj.conf: 31
                "37.128.191.230:30303",
                # ethereumj.conf: 32
                "46.20.235.22:30303",
                # ethereumj.conf: 33
                "216.158.85.185:30303",
                # ethereumj.conf: 34
                "212.47.247.103:30303",
                # ethereumj.conf: 35
                "138.201.144.135:30303",
                # ethereumj.conf: 36
                "45.55.33.62:30303",
                # ethereumj.conf: 37
                "188.166.255.12:30303",
                # ethereumj.conf: 38
                "159.203.210.80:30303",
                # ethereumj.conf: 39
                "51.15.42.252:30303",
                # ethereumj.conf: 40
                "163.172.171.38:30303"
            ]
        }
        # ethereumj.conf: 62
        persist=true
        # ethereumj.conf: 58
        public {
            # ethereumj.conf: 58
            home {
                # ethereumj.conf: 58
                node=true
            }
        }
        # ethereumj.conf: 71
        touchMaxNodes=100
        # ethereumj.conf: 67
        touchPeriod=600
        # ethereumj.conf: 76
        workers=8
    }
    # ethereumj.conf: 82
    listen {
        # ethereumj.conf: 82
        port=30303
    }
    # ethereumj.conf: 119
    maxActivePeers=30
    # ethereumj.conf: 85
    networkId=1
    # ethereumj.conf: 134
    p2p {
        # ethereumj.conf: 144
        eip8=true
        # ethereumj.conf: 140
        framing {
            # ethereumj.conf: 140
            maxSize=32768
        }
    }
    # ethereumj.conf: 105
    trusted=[]
}
# ethereumj.conf: 395
play {
    # ethereumj.conf: 395
    vm=true
}
# ethereumj.conf: 388-416
record {
    # ethereumj.conf: 416
    blocks=false
    # ethereumj.conf: 388
    internal {
        # ethereumj.conf: 388
        transactions {
            # ethereumj.conf: 388
            data=true
        }
    }
}
# ethereumj.conf: 411
root {
    # ethereumj.conf: 411
    hash {
        # ethereumj.conf: 411
        start=null
    }
}
# ethereumj.conf: 325
solc {
    # ethereumj.conf: 328
    path=null
}
# ethereumj.conf: 247
sync {
    # ethereumj.conf: 251
    enabled=true
    # ethereumj.conf: 281
    exitOnBlockConflict=false
    # ethereumj.conf: 254
    fast {
        # ethereumj.conf: 258
        enabled=false
    }
    # ethereumj.conf: 272
    peer {
        # ethereumj.conf: 272
        count=30
    }
}
# ethereumj.conf: 383
trace {
    # ethereumj.conf: 383
    startblock=-1
}
# ethereumj.conf: 340-344
transaction {
    # ethereumj.conf: 340
    approve {
        # ethereumj.conf: 340
        timeout=15
    }
    # ethereumj.conf: 344
    outdated {
        # ethereumj.conf: 344
        threshold=10
    }
}
# ethereumj.conf: 373
vm {
    # ethereumj.conf: 373
    structured {
        # ethereumj.conf: 376
        compressed=true
        # ethereumj.conf: 375
        dir=vmtrace
        # ethereumj.conf: 377
        initStorageLimit=10000
        # ethereumj.conf: 374
        trace=false
    }
}

12:41:54.309 INFO [general]  Config ( yes ): default properties from resource 'ethereumj.conf'
12:41:54.311 INFO [general]  Config ( no  ): user properties from -Dethereumj.conf.res resource 'null'
12:41:54.311 INFO [general]  Config ( no  ): user properties from resource 'user.conf'
12:41:54.311 INFO [general]  Config ( no  ): user properties from file '/home/david/repo/microraiden-java/config/ethereumj.conf'
12:41:54.312 INFO [general]  Config ( no  ): test properties from resource 'test-ethereumj.conf'
12:41:54.312 INFO [general]  Config ( no  ): test properties from resource 'test-user.conf'
12:41:54.312 INFO [general]  Config ( no  ): user properties from -Dethereumj.conf.file file 'null'
12:41:54.312 INFO [general]  Config ( no  ): config passed via constructor
12:41:54.314 DEBUG [general]  Config trace: # ethereumj.conf: 166-417
blockchain {
    # ethereumj.conf: 166
    config {
        # ethereumj.conf: 166
        name=main
    }
    # ethereumj.conf: 417
    only=false
}
# ethereumj.conf: 423
blocks {
    # ethereumj.conf: 423
    loader=""
}
# ethereumj.conf: 213
cache {
    # ethereumj.conf: 234
    blockQueueSize=32
    # ethereumj.conf: 215
    flush {
        # ethereumj.conf: 224
        blocks=0
        # ethereumj.conf: 227
        shortSyncFlush=true
        # ethereumj.conf: 219
        writeCacheSize=64
    }
    # ethereumj.conf: 237
    headerQueueSize=8
    # ethereumj.conf: 243
    maxStateBloomSize=128
    # ethereumj.conf: 231
    stateCacheSize=256
}
# ethereumj.conf: 426
crypto {
    # ethereumj.conf: 430-431
    hash {
        # ethereumj.conf: 430
        alg256=ETH-KECCAK-256
        # ethereumj.conf: 431
        alg512=ETH-KECCAK-512
    }
    # ethereumj.conf: 428
    providerName=SC
}
# ethereumj.conf: 174
database {
    # ethereumj.conf: 177
    dir=database
    # ethereumj.conf: 196
    incompatibleDatabaseBehavior=EXIT
    # ethereumj.conf: 202
    prune {
        # ethereumj.conf: 203
        enabled=true
        # ethereumj.conf: 208
        maxDepth=192
    }
    # ethereumj.conf: 183
    reset=false
    # ethereumj.conf: 189
    resetBlock=0
}
# ethereumj.conf: 346
dump {
    # ethereumj.conf: 359
    block=-1
    # ethereumj.conf: 363
    clean {
        # ethereumj.conf: 363
        on {
            # ethereumj.conf: 363
            restart=true
        }
    }
    # ethereumj.conf: 353
    dir=dmp
    # ethereumj.conf: 352
    full=false
    # ethereumj.conf: 360
    style=pretty
}
# ethereumj.conf: 152
genesis="frontier.json"
# ethereumj.conf: 399
hello {
    # ethereumj.conf: 399
    phrase=Dev
}
# ethereumj.conf: 414
keyvalue {
    # ethereumj.conf: 414
    datasource=leveldb
}
# ethereumj.conf: 285
mine {
    # ethereumj.conf: 304
    coinbase="0000000000000000000000000000000000000000"
    # ethereumj.conf: 295
    cpuMineThreads=4
    # ethereumj.conf: 308
    extraData="EthereumJ powered"
    # ethereumj.conf: 301
    fullDataSet=true
    # ethereumj.conf: 317
    minBlockTimeoutMsec=0
    # ethereumj.conf: 314
    minGasPrice=15000000000
    # ethereumj.conf: 291
    start=false
    # ethereumj.conf: 321
    startNonce=null
}
# ethereumj.conf: 1-79
peer {
    # ethereumj.conf: 94
    active=[]
    # ethereumj.conf: 123
    capabilities=[
        # ethereumj.conf: 123
        eth
    ]
    # ethereumj.conf: 132
    channel {
        # ethereumj.conf: 132
        read {
            # ethereumj.conf: 132
            timeout=90
        }
    }
    # ethereumj.conf: 127
    connection {
        # ethereumj.conf: 127
        timeout=2
    }
    # ethereumj.conf: 1
    discovery {
        # ethereumj.conf: 54
        bind {
            # ethereumj.conf: 54
            ip=""
        }
        # ethereumj.conf: 8
        enabled=true
        # ethereumj.conf: 46
        external {
            # ethereumj.conf: 46
            ip=null
        }
        # ethereumj.conf: 13
        ip {
            # ethereumj.conf: 13
            list=[
                # ethereumj.conf: 15
                "frontier-2.ether.camp:30303",
                # ethereumj.conf: 16
                "frontier-3.ether.camp:30303",
                # ethereumj.conf: 17
                "frontier-4.ether.camp:30303",
                # ethereumj.conf: 20
                "5.1.83.226:30303",
                # ethereumj.conf: 23
                "54.94.239.50:30303",
                # ethereumj.conf: 24
                "52.16.188.185:30303",
                # ethereumj.conf: 25
                "52.74.57.123:30303",
                # ethereumj.conf: 28
                "163.172.157.114:30303",
                # ethereumj.conf: 29
                "136.243.154.244:30303",
                # ethereumj.conf: 30
                "88.212.206.70:30303",
                # ethereumj.conf: 31
                "37.128.191.230:30303",
                # ethereumj.conf: 32
                "46.20.235.22:30303",
                # ethereumj.conf: 33
                "216.158.85.185:30303",
                # ethereumj.conf: 34
                "212.47.247.103:30303",
                # ethereumj.conf: 35
                "138.201.144.135:30303",
                # ethereumj.conf: 36
                "45.55.33.62:30303",
                # ethereumj.conf: 37
                "188.166.255.12:30303",
                # ethereumj.conf: 38
                "159.203.210.80:30303",
                # ethereumj.conf: 39
                "51.15.42.252:30303",
                # ethereumj.conf: 40
                "163.172.171.38:30303"
            ]
        }
        # ethereumj.conf: 62
        persist=true
        # ethereumj.conf: 58
        public {
            # ethereumj.conf: 58
            home {
                # ethereumj.conf: 58
                node=true
            }
        }
        # ethereumj.conf: 71
        touchMaxNodes=100
        # ethereumj.conf: 67
        touchPeriod=600
        # ethereumj.conf: 76
        workers=8
    }
    # ethereumj.conf: 82
    listen {
        # ethereumj.conf: 82
        port=30303
    }
    # ethereumj.conf: 119
    maxActivePeers=30
    # ethereumj.conf: 85
    networkId=1
    # ethereumj.conf: 134
    p2p {
        # ethereumj.conf: 144
        eip8=true
        # ethereumj.conf: 140
        framing {
            # ethereumj.conf: 140
            maxSize=32768
        }
    }
    # ethereumj.conf: 105
    trusted=[]
}
# ethereumj.conf: 395
play {
    # ethereumj.conf: 395
    vm=true
}
# ethereumj.conf: 388-416
record {
    # ethereumj.conf: 416
    blocks=false
    # ethereumj.conf: 388
    internal {
        # ethereumj.conf: 388
        transactions {
            # ethereumj.conf: 388
            data=true
        }
    }
}
# ethereumj.conf: 411
root {
    # ethereumj.conf: 411
    hash {
        # ethereumj.conf: 411
        start=null
    }
}
# ethereumj.conf: 325
solc {
    # ethereumj.conf: 328
    path=null
}
# ethereumj.conf: 247
sync {
    # ethereumj.conf: 251
    enabled=true
    # ethereumj.conf: 281
    exitOnBlockConflict=false
    # ethereumj.conf: 254
    fast {
        # ethereumj.conf: 258
        enabled=false
    }
    # ethereumj.conf: 272
    peer {
        # ethereumj.conf: 272
        count=30
    }
}
# ethereumj.conf: 383
trace {
    # ethereumj.conf: 383
    startblock=-1
}
# ethereumj.conf: 340-344
transaction {
    # ethereumj.conf: 340
    approve {
        # ethereumj.conf: 340
        timeout=15
    }
    # ethereumj.conf: 344
    outdated {
        # ethereumj.conf: 344
        threshold=10
    }
}
# ethereumj.conf: 373
vm {
    # ethereumj.conf: 373
    structured {
        # ethereumj.conf: 376
        compressed=true
        # ethereumj.conf: 375
        dir=vmtrace
        # ethereumj.conf: 377
        initStorageLimit=10000
        # ethereumj.conf: 374
        trace=false
    }
}

12:42:15.964 INFO [general]  Config ( yes ): default properties from resource 'ethereumj.conf'
12:42:15.966 INFO [general]  Config ( no  ): user properties from -Dethereumj.conf.res resource 'null'
12:42:15.966 INFO [general]  Config ( no  ): user properties from resource 'user.conf'
12:42:15.966 INFO [general]  Config ( no  ): user properties from file '/home/david/repo/microraiden-java/config/ethereumj.conf'
12:42:15.966 INFO [general]  Config ( no  ): test properties from resource 'test-ethereumj.conf'
12:42:15.967 INFO [general]  Config ( no  ): test properties from resource 'test-user.conf'
12:42:15.967 INFO [general]  Config ( no  ): user properties from -Dethereumj.conf.file file 'null'
12:42:15.967 INFO [general]  Config ( no  ): config passed via constructor
12:42:15.968 DEBUG [general]  Config trace: # ethereumj.conf: 166-417
blockchain {
    # ethereumj.conf: 166
    config {
        # ethereumj.conf: 166
        name=main
    }
    # ethereumj.conf: 417
    only=false
}
# ethereumj.conf: 423
blocks {
    # ethereumj.conf: 423
    loader=""
}
# ethereumj.conf: 213
cache {
    # ethereumj.conf: 234
    blockQueueSize=32
    # ethereumj.conf: 215
    flush {
        # ethereumj.conf: 224
        blocks=0
        # ethereumj.conf: 227
        shortSyncFlush=true
        # ethereumj.conf: 219
        writeCacheSize=64
    }
    # ethereumj.conf: 237
    headerQueueSize=8
    # ethereumj.conf: 243
    maxStateBloomSize=128
    # ethereumj.conf: 231
    stateCacheSize=256
}
# ethereumj.conf: 426
crypto {
    # ethereumj.conf: 430-431
    hash {
        # ethereumj.conf: 430
        alg256=ETH-KECCAK-256
        # ethereumj.conf: 431
        alg512=ETH-KECCAK-512
    }
    # ethereumj.conf: 428
    providerName=SC
}
# ethereumj.conf: 174
database {
    # ethereumj.conf: 177
    dir=database
    # ethereumj.conf: 196
    incompatibleDatabaseBehavior=EXIT
    # ethereumj.conf: 202
    prune {
        # ethereumj.conf: 203
        enabled=true
        # ethereumj.conf: 208
        maxDepth=192
    }
    # ethereumj.conf: 183
    reset=false
    # ethereumj.conf: 189
    resetBlock=0
}
# ethereumj.conf: 346
dump {
    # ethereumj.conf: 359
    block=-1
    # ethereumj.conf: 363
    clean {
        # ethereumj.conf: 363
        on {
            # ethereumj.conf: 363
            restart=true
        }
    }
    # ethereumj.conf: 353
    dir=dmp
    # ethereumj.conf: 352
    full=false
    # ethereumj.conf: 360
    style=pretty
}
# ethereumj.conf: 152
genesis="frontier.json"
# ethereumj.conf: 399
hello {
    # ethereumj.conf: 399
    phrase=Dev
}
# ethereumj.conf: 414
keyvalue {
    # ethereumj.conf: 414
    datasource=leveldb
}
# ethereumj.conf: 285
mine {
    # ethereumj.conf: 304
    coinbase="0000000000000000000000000000000000000000"
    # ethereumj.conf: 295
    cpuMineThreads=4
    # ethereumj.conf: 308
    extraData="EthereumJ powered"
    # ethereumj.conf: 301
    fullDataSet=true
    # ethereumj.conf: 317
    minBlockTimeoutMsec=0
    # ethereumj.conf: 314
    minGasPrice=15000000000
    # ethereumj.conf: 291
    start=false
    # ethereumj.conf: 321
    startNonce=null
}
# ethereumj.conf: 1-79
peer {
    # ethereumj.conf: 94
    active=[]
    # ethereumj.conf: 123
    capabilities=[
        # ethereumj.conf: 123
        eth
    ]
    # ethereumj.conf: 132
    channel {
        # ethereumj.conf: 132
        read {
            # ethereumj.conf: 132
            timeout=90
        }
    }
    # ethereumj.conf: 127
    connection {
        # ethereumj.conf: 127
        timeout=2
    }
    # ethereumj.conf: 1
    discovery {
        # ethereumj.conf: 54
        bind {
            # ethereumj.conf: 54
            ip=""
        }
        # ethereumj.conf: 8
        enabled=true
        # ethereumj.conf: 46
        external {
            # ethereumj.conf: 46
            ip=null
        }
        # ethereumj.conf: 13
        ip {
            # ethereumj.conf: 13
            list=[
                # ethereumj.conf: 15
                "frontier-2.ether.camp:30303",
                # ethereumj.conf: 16
                "frontier-3.ether.camp:30303",
                # ethereumj.conf: 17
                "frontier-4.ether.camp:30303",
                # ethereumj.conf: 20
                "5.1.83.226:30303",
                # ethereumj.conf: 23
                "54.94.239.50:30303",
                # ethereumj.conf: 24
                "52.16.188.185:30303",
                # ethereumj.conf: 25
                "52.74.57.123:30303",
                # ethereumj.conf: 28
                "163.172.157.114:30303",
                # ethereumj.conf: 29
                "136.243.154.244:30303",
                # ethereumj.conf: 30
                "88.212.206.70:30303",
                # ethereumj.conf: 31
                "37.128.191.230:30303",
                # ethereumj.conf: 32
                "46.20.235.22:30303",
                # ethereumj.conf: 33
                "216.158.85.185:30303",
                # ethereumj.conf: 34
                "212.47.247.103:30303",
                # ethereumj.conf: 35
                "138.201.144.135:30303",
                # ethereumj.conf: 36
                "45.55.33.62:30303",
                # ethereumj.conf: 37
                "188.166.255.12:30303",
                # ethereumj.conf: 38
                "159.203.210.80:30303",
                # ethereumj.conf: 39
                "51.15.42.252:30303",
                # ethereumj.conf: 40
                "163.172.171.38:30303"
            ]
        }
        # ethereumj.conf: 62
        persist=true
        # ethereumj.conf: 58
        public {
            # ethereumj.conf: 58
            home {
                # ethereumj.conf: 58
                node=true
            }
        }
        # ethereumj.conf: 71
        touchMaxNodes=100
        # ethereumj.conf: 67
        touchPeriod=600
        # ethereumj.conf: 76
        workers=8
    }
    # ethereumj.conf: 82
    listen {
        # ethereumj.conf: 82
        port=30303
    }
    # ethereumj.conf: 119
    maxActivePeers=30
    # ethereumj.conf: 85
    networkId=1
    # ethereumj.conf: 134
    p2p {
        # ethereumj.conf: 144
        eip8=true
        # ethereumj.conf: 140
        framing {
            # ethereumj.conf: 140
            maxSize=32768
        }
    }
    # ethereumj.conf: 105
    trusted=[]
}
# ethereumj.conf: 395
play {
    # ethereumj.conf: 395
    vm=true
}
# ethereumj.conf: 388-416
record {
    # ethereumj.conf: 416
    blocks=false
    # ethereumj.conf: 388
    internal {
        # ethereumj.conf: 388
        transactions {
            # ethereumj.conf: 388
            data=true
        }
    }
}
# ethereumj.conf: 411
root {
    # ethereumj.conf: 411
    hash {
        # ethereumj.conf: 411
        start=null
    }
}
# ethereumj.conf: 325
solc {
    # ethereumj.conf: 328
    path=null
}
# ethereumj.conf: 247
sync {
    # ethereumj.conf: 251
    enabled=true
    # ethereumj.conf: 281
    exitOnBlockConflict=false
    # ethereumj.conf: 254
    fast {
        # ethereumj.conf: 258
        enabled=false
    }
    # ethereumj.conf: 272
    peer {
        # ethereumj.conf: 272
        count=30
    }
}
# ethereumj.conf: 383
trace {
    # ethereumj.conf: 383
    startblock=-1
}
# ethereumj.conf: 340-344
transaction {
    # ethereumj.conf: 340
    approve {
        # ethereumj.conf: 340
        timeout=15
    }
    # ethereumj.conf: 344
    outdated {
        # ethereumj.conf: 344
        threshold=10
    }
}
# ethereumj.conf: 373
vm {
    # ethereumj.conf: 373
    structured {
        # ethereumj.conf: 376
        compressed=true
        # ethereumj.conf: 375
        dir=vmtrace
        # ethereumj.conf: 377
        initStorageLimit=10000
        # ethereumj.conf: 374
        trace=false
    }
}

12:42:29.291 INFO [general]  Config ( yes ): default properties from resource 'ethereumj.conf'
12:42:29.293 INFO [general]  Config ( no  ): user properties from -Dethereumj.conf.res resource 'null'
12:42:29.293 INFO [general]  Config ( no  ): user properties from resource 'user.conf'
12:42:29.293 INFO [general]  Config ( no  ): user properties from file '/home/david/repo/microraiden-java/config/ethereumj.conf'
12:42:29.294 INFO [general]  Config ( no  ): test properties from resource 'test-ethereumj.conf'
12:42:29.294 INFO [general]  Config ( no  ): test properties from resource 'test-user.conf'
12:42:29.294 INFO [general]  Config ( no  ): user properties from -Dethereumj.conf.file file 'null'
12:42:29.294 INFO [general]  Config ( no  ): config passed via constructor
12:42:29.296 DEBUG [general]  Config trace: # ethereumj.conf: 166-413
blockchain {
    # ethereumj.conf: 166
    config {
        # ethereumj.conf: 166
        name=main
    }
    # ethereumj.conf: 413
    only=false
}
# ethereumj.conf: 419
blocks {
    # ethereumj.conf: 419
    loader=""
}
# ethereumj.conf: 213
cache {
    # ethereumj.conf: 234
    blockQueueSize=32
    # ethereumj.conf: 215
    flush {
        # ethereumj.conf: 224
        blocks=0
        # ethereumj.conf: 227
        shortSyncFlush=true
        # ethereumj.conf: 219
        writeCacheSize=64
    }
    # ethereumj.conf: 237
    headerQueueSize=8
    # ethereumj.conf: 243
    maxStateBloomSize=128
    # ethereumj.conf: 231
    stateCacheSize=256
}
# ethereumj.conf: 422
crypto {
    # ethereumj.conf: 426-427
    hash {
        # ethereumj.conf: 426
        alg256=ETH-KECCAK-256
        # ethereumj.conf: 427
        alg512=ETH-KECCAK-512
    }
    # ethereumj.conf: 424
    providerName=SC
}
# ethereumj.conf: 174
database {
    # ethereumj.conf: 177
    dir=database
    # ethereumj.conf: 196
    incompatibleDatabaseBehavior=EXIT
    # ethereumj.conf: 202
    prune {
        # ethereumj.conf: 203
        enabled=true
        # ethereumj.conf: 208
        maxDepth=192
    }
    # ethereumj.conf: 183
    reset=false
    # ethereumj.conf: 189
    resetBlock=0
}
# ethereumj.conf: 347
dump {
    # ethereumj.conf: 360
    block=-1
    # ethereumj.conf: 364
    clean {
        # ethereumj.conf: 364
        on {
            # ethereumj.conf: 364
            restart=true
        }
    }
    # ethereumj.conf: 354
    dir=dmp
    # ethereumj.conf: 353
    full=false
    # ethereumj.conf: 361
    style=pretty
}
# ethereumj.conf: 152
genesis="frontier.json"
# ethereumj.conf: 395
hello {
    # ethereumj.conf: 395
    phrase=Dev
}
# ethereumj.conf: 410
keyvalue {
    # ethereumj.conf: 410
    datasource=leveldb
}
# ethereumj.conf: 285
mine {
    # ethereumj.conf: 304
    coinbase="0000000000000000000000000000000000000000"
    # ethereumj.conf: 295
    cpuMineThreads=4
    # ethereumj.conf: 308
    extraData="EthereumJ powered"
    # ethereumj.conf: 301
    fullDataSet=true
    # ethereumj.conf: 317
    minBlockTimeoutMsec=0
    # ethereumj.conf: 314
    minGasPrice=15000000000
    # ethereumj.conf: 291
    start=false
    # ethereumj.conf: 321
    startNonce=null
}
# ethereumj.conf: 1-79
peer {
    # ethereumj.conf: 94
    active=[]
    # ethereumj.conf: 123
    capabilities=[
        # ethereumj.conf: 123
        eth
    ]
    # ethereumj.conf: 132
    channel {
        # ethereumj.conf: 132
        read {
            # ethereumj.conf: 132
            timeout=90
        }
    }
    # ethereumj.conf: 127
    connection {
        # ethereumj.conf: 127
        timeout=2
    }
    # ethereumj.conf: 1
    discovery {
        # ethereumj.conf: 54
        bind {
            # ethereumj.conf: 54
            ip=""
        }
        # ethereumj.conf: 8
        enabled=true
        # ethereumj.conf: 46
        external {
            # ethereumj.conf: 46
            ip=null
        }
        # ethereumj.conf: 13
        ip {
            # ethereumj.conf: 13
            list=[
                # ethereumj.conf: 15
                "frontier-2.ether.camp:30303",
                # ethereumj.conf: 16
                "frontier-3.ether.camp:30303",
                # ethereumj.conf: 17
                "frontier-4.ether.camp:30303",
                # ethereumj.conf: 20
                "5.1.83.226:30303",
                # ethereumj.conf: 23
                "54.94.239.50:30303",
                # ethereumj.conf: 24
                "52.16.188.185:30303",
                # ethereumj.conf: 25
                "52.74.57.123:30303",
                # ethereumj.conf: 28
                "163.172.157.114:30303",
                # ethereumj.conf: 29
                "136.243.154.244:30303",
                # ethereumj.conf: 30
                "88.212.206.70:30303",
                # ethereumj.conf: 31
                "37.128.191.230:30303",
                # ethereumj.conf: 32
                "46.20.235.22:30303",
                # ethereumj.conf: 33
                "216.158.85.185:30303",
                # ethereumj.conf: 34
                "212.47.247.103:30303",
                # ethereumj.conf: 35
                "138.201.144.135:30303",
                # ethereumj.conf: 36
                "45.55.33.62:30303",
                # ethereumj.conf: 37
                "188.166.255.12:30303",
                # ethereumj.conf: 38
                "159.203.210.80:30303",
                # ethereumj.conf: 39
                "51.15.42.252:30303",
                # ethereumj.conf: 40
                "163.172.171.38:30303"
            ]
        }
        # ethereumj.conf: 62
        persist=true
        # ethereumj.conf: 58
        public {
            # ethereumj.conf: 58
            home {
                # ethereumj.conf: 58
                node=true
            }
        }
        # ethereumj.conf: 71
        touchMaxNodes=100
        # ethereumj.conf: 67
        touchPeriod=600
        # ethereumj.conf: 76
        workers=8
    }
    # ethereumj.conf: 82
    listen {
        # ethereumj.conf: 82
        port=30303
    }
    # ethereumj.conf: 119
    maxActivePeers=30
    # ethereumj.conf: 85
    networkId=1
    # ethereumj.conf: 134
    p2p {
        # ethereumj.conf: 144
        eip8=true
        # ethereumj.conf: 140
        framing {
            # ethereumj.conf: 140
            maxSize=32768
        }
    }
    # ethereumj.conf: 105
    trusted=[]
}
# ethereumj.conf: 391
play {
    # ethereumj.conf: 391
    vm=true
}
# ethereumj.conf: 412
record {
    # ethereumj.conf: 412
    blocks=false
}
# ethereumj.conf: 407
root {
    # ethereumj.conf: 407
    hash {
        # ethereumj.conf: 407
        start=null
    }
}
# ethereumj.conf: 325
solc {
    # ethereumj.conf: 328
    path=null
}
# ethereumj.conf: 247
sync {
    # ethereumj.conf: 251
    enabled=true
    # ethereumj.conf: 281
    exitOnBlockConflict=false
    # ethereumj.conf: 254
    fast {
        # ethereumj.conf: 258
        enabled=false
    }
    # ethereumj.conf: 272
    peer {
        # ethereumj.conf: 272
        count=30
    }
}
# ethereumj.conf: 384
trace {
    # ethereumj.conf: 384
    startblock=-1
}
# ethereumj.conf: 340-344
transaction {
    # ethereumj.conf: 340
    approve {
        # ethereumj.conf: 340
        timeout=15
    }
    # ethereumj.conf: 344
    outdated {
        # ethereumj.conf: 344
        threshold=10
    }
}
# ethereumj.conf: 374
vm {
    # ethereumj.conf: 374
    structured {
        # ethereumj.conf: 377
        compressed=true
        # ethereumj.conf: 376
        dir=vmtrace
        # ethereumj.conf: 378
        initStorageLimit=10000
        # ethereumj.conf: 375
        trace=false
    }
}

